2022-12-01 15:27:08 /Users/wangyu/IdeaWorkSpace/apisix-compose/apisix_init/test.sh [INFO] INFO
2022-12-01 15:28:25 /Users/wangyu/IdeaWorkSpace/apisix-compose/apisix_init/test.sh [INFO] INFO aaa
2022-12-01 15:29:32 /Users/wangyu/IdeaWorkSpace/apisix-compose/apisix_init/test.sh INFO bbb
2022-12-01 15:29:48 /Users/wangyu/IdeaWorkSpace/apisix-compose/apisix_init/test.sh [INFO] bbb
2022-12-01 07:52:58 /start.sh [INFO] load_cert start...
2022-12-01 07:52:58 /start.sh [INFO] update certificate success.
2022-12-01 07:52:58 /start.sh [INFO] init_upstream start...
2022-12-01 07:52:58 /start.sh [INFO] Init upstreams finished. total count 3, success count 3, failure count 0
2022-12-01 07:52:58 /start.sh [INFO] init_routes start...
2022-12-01 07:53:03 /start.sh [ERROR] update route failed with 000. route info: {"id":"2","uri":"/web1/*","upstream_id":"2"}
2022-12-01 07:53:03 /start.sh [INFO] Init routes finished. total count 3, success count 2, failure count 1
2022-12-01 07:53:03 /start.sh [INFO] {"id":"2","uri":"/web1/*","upstream_id":"2"}
2022-12-01 07:55:44 /start.sh [INFO] load_cert start...
2022-12-01 07:55:44 /start.sh [INFO] update certificate success.
2022-12-01 07:55:44 /start.sh [INFO] init_upstream start...
2022-12-01 07:55:44 /start.sh [INFO] Init upstreams finished. total count 3, success count 3, failure count 0
2022-12-01 07:55:47 /start.sh [INFO] init_routes start...
2022-12-01 07:55:47 /start.sh [INFO] Init routes finished. total count 3, success count 3, failure count 0
2022-12-01 08:10:00 /start.sh [INFO] load_cert start...
2022-12-01 08:10:00 /start.sh [INFO] update certificate success.
2022-12-01 08:10:00 /start.sh [INFO] init_upstream start...
2022-12-01 08:10:00 /start.sh [INFO] Init upstreams finished. total count 3, success count 3, failure count 0
2022-12-01 08:10:03 /start.sh [INFO] init_routes start...
2022-12-01 08:10:03 /start.sh [INFO] Init routes finished. total count 3, success count 3, failure count 0
